 Retained Bytes │ Retained % │ Dominator Tree
────────────────┼────────────┼────────────────────────────────────────────────
           4522 ┊     42.48% ┊ export "get_langauge"
           4507 ┊     42.34% ┊   ⤷ code[14]
           4158 ┊     39.06% ┊       ⤷ code[0]
            382 ┊      3.59% ┊           ⤷ code[4]
            308 ┊      2.89% ┊           ⤷ code[6]
            224 ┊      2.10% ┊           ⤷ code[12]
             44 ┊      0.41% ┊               ⤷ code[33]
            223 ┊      2.09% ┊           ⤷ code[8]
            222 ┊      2.09% ┊           ⤷ code[7]
              5 ┊      0.05% ┊               ⤷ type[10]: (i32, i64) -> nil
            198 ┊      1.86% ┊           ⤷ code[13]
              6 ┊      0.06% ┊               ⤷ type[11]: (i64, i64) -> i32
            101 ┊      0.95% ┊           ⤷ code[24]
             49 ┊      0.46% ┊           ⤷ code[40]
             30 ┊      0.28% ┊           ⤷ code[43]
             65 ┊      0.61% ┊       ⤷ code[27]
             62 ┊      0.58% ┊       ⤷ code[30]
             43 ┊      0.40% ┊       ⤷ code[38]
           2100 ┊     19.73% ┊ export "pusher"
           2091 ┊     19.64% ┊   ⤷ code[1]
            201 ┊      1.89% ┊       ⤷ code[9]
            162 ┊      1.52% ┊       ⤷ code[17]
             56 ┊      0.53% ┊       ⤷ code[28]
            907 ┊      8.52% ┊ export "simple_format"
            891 ┊      8.37% ┊   ⤷ code[2]
            280 ┊      2.63% ┊       ⤷ code[5]
            548 ┊      5.15% ┊ code[25]
            430 ┊      4.04% ┊   ⤷ code[3]
              9 ┊      0.08% ┊   ⤷ type[9]: (i32, i32, i32, i32, i32) -> i32
            369 ┊      3.47% ┊ code[16]
            184 ┊      1.73% ┊   ⤷ code[10]
            309 ┊      2.90% ┊ table[0]
            305 ┊      2.87% ┊   ⤷ elem[0]
            140 ┊      1.32% ┊       ⤷ code[19]
            115 ┊      1.08% ┊       ⤷ code[22]
              7 ┊      0.07% ┊       ⤷ code[54]
              6 ┊      0.06% ┊       ⤷ code[52]
              6 ┊      0.06% ┊       ⤷ code[53]
              6 ┊      0.06% ┊       ⤷ code[55]
              5 ┊      0.05% ┊       ⤷ code[56]
              5 ┊      0.05% ┊       ⤷ code[57]
            190 ┊      1.78% ┊ code[15]
            181 ┊      1.70% ┊ code[11]
            167 ┊      1.57% ┊ code[29]
            105 ┊      0.99% ┊   ⤷ code[23]
            146 ┊      1.37% ┊ export "greet"
            138 ┊      1.30% ┊   ⤷ code[20]
            139 ┊      1.31% ┊ code[18]
            117 ┊      1.10% ┊ code[21]
            101 ┊      0.95% ┊ data[0]
             80 ┊      0.75% ┊ code[26]
             65 ┊      0.61% ┊ code[31]
             64 ┊      0.60% ┊ export "__wbindgen_malloc"
             44 ┊      0.41% ┊   ⤷ code[34]
             58 ┊      0.54% ┊ code[47]
             44 ┊      0.41% ┊   ⤷ code[36]
             54 ┊      0.51% ┊ export "__wbindgen_realloc"
             33 ┊      0.31% ┊   ⤷ code[41]
             47 ┊      0.44% ┊ code[32]
             45 ┊      0.42% ┊ code[35]
             45 ┊      0.42% ┊ code[50]
             35 ┊      0.33% ┊   ⤷ import wbg::__wbg_alert_07a8b1643f0fc0c4
             42 ┊      0.39% ┊ code[39]
             39 ┊      0.37% ┊ code[37]
             30 ┊      0.28% ┊ code[42]
             27 ┊      0.25% ┊ code[44]
             18 ┊      0.17% ┊ code[46]
             17 ┊      0.16% ┊ code[45]
             15 ┊      0.14% ┊ export "add"
              9 ┊      0.08% ┊   ⤷ code[51]
             12 ┊      0.11% ┊ code[48]
             12 ┊      0.11% ┊ custom section 'producers' headers
             11 ┊      0.10% ┊ export "memory"
              2 ┊      0.02% ┊   ⤷ memory[0]
             10 ┊      0.09% ┊ code[49]
              8 ┊      0.08% ┊ type[7]: (i32, i32, i32, i32) -> i32
              8 ┊      0.08% ┊ type[8]: (i32, i32, i32, i32, i32) -> nil
              8 ┊      0.08% ┊ global[0]
              8 ┊      0.08% ┊ wasm magic bytes
              7 ┊      0.07% ┊ type[5]: (i32, i32, i32) -> i32
              7 ┊      0.07% ┊ type[6]: (i32, i32, i32, i32) -> nil
              7 ┊      0.07% ┊ code section headers
              6 ┊      0.06% ┊ type[3]: (i32, i32) -> i32
              6 ┊      0.06% ┊ type[4]: (i32, i32, i32) -> nil
              6 ┊      0.06% ┊ type[12]: (i32, i32, i32) -> nil
              5 ┊      0.05% ┊ type[1]: (i32) -> i32
              5 ┊      0.05% ┊ type[2]: (i32, i32) -> nil
              4 ┊      0.04% ┊ type[0]: (i32) -> nil
              3 ┊      0.03% ┊ type section headers
              3 ┊      0.03% ┊ import section headers
              3 ┊      0.03% ┊ table section headers
              3 ┊      0.03% ┊ memory section headers
              3 ┊      0.03% ┊ global section headers
              3 ┊      0.03% ┊ export section headers
              3 ┊      0.03% ┊ element section headers
              3 ┊      0.03% ┊ data section headers
             49 ┊      0.46% ┊ [1 Unreachable Items]
