 Retained Bytes │ Retained % │ Dominator Tree
────────────────┼────────────┼─────────────────────────────────────────────────────────────────────────────────────────────────────────────────────────────────────────────
           4345 ┊      2.36% ┊ export "numf_demo"
           4333 ┊      2.35% ┊   ⤷ numf_demo
           1036 ┊      0.56% ┊       ⤷ data[1]
            411 ┊      0.22% ┊       ⤷ <wee_alloc::WeeAlloc as core::alloc::GlobalAlloc>::dealloc::h81b0678ebfcb7b39
            199 ┊      0.11% ┊           ⤷ wee_alloc::WeeAlloc::dealloc_impl::{{closure}}::h43ba3a90a25c8d11
            383 ┊      0.21% ┊       ⤷ <omnicu_no_std::intl::util::data::DummyDataProvider as omnicu_no_std::intl::util::data::DataProvider>::get_data::h3e7ff08893e52c3e
            111 ┊      0.06% ┊           ⤷ <alloc::string::String as core::convert::From<&str>>::from::h0e69ac74b2aa0ccb
             36 ┊      0.02% ┊           ⤷ alloc::alloc::exchange_malloc::h3e4d00a2e461b4b1.92
            334 ┊      0.18% ┊       ⤷ alloc::string::String::insert_bytes::hd56ac09a3e692bfd
            115 ┊      0.06% ┊           ⤷ memmove
            327 ┊      0.18% ┊       ⤷ alloc::string::String::insert::h6441ee29c9c379aa
            230 ┊      0.12% ┊       ⤷ alloc::vec::Vec<T>::extend_from_slice::h7b4cbb7497fcfb1f
            217 ┊      0.12% ┊       ⤷ <wee_alloc::WeeAlloc as core::alloc::GlobalAlloc>::alloc::hc088c8c2ac6edf9b
             75 ┊      0.04% ┊       ⤷ __rust_realloc
             59 ┊      0.03% ┊           ⤷ __rg_realloc
             58 ┊      0.03% ┊       ⤷ core::ptr::real_drop_in_place::h680b155aba849b4e
             56 ┊      0.03% ┊       ⤷ memcpy
             36 ┊      0.02% ┊       ⤷ alloc::alloc::exchange_malloc::h3e4d00a2e461b4b1
             34 ┊      0.02% ┊       ⤷ core::ptr::real_drop_in_place::h1c21c4d1ecabc647
             32 ┊      0.02% ┊       ⤷ __rust_dealloc
             16 ┊      0.01% ┊           ⤷ __rg_dealloc
             28 ┊      0.02% ┊       ⤷ __rust_alloc
             14 ┊      0.01% ┊           ⤷ __rg_alloc
             19 ┊      0.01% ┊       ⤷ alloc::raw_vec::capacity_overflow::h0e49d0ba6c086748
             17 ┊      0.01% ┊       ⤷ core::panicking::panic::h36013e67f43c6cf3
              6 ┊      0.00% ┊           ⤷ core::panicking::panic_fmt::h8ac91db16b6d3ba4
             12 ┊      0.01% ┊       ⤷ import env::alert
              7 ┊      0.00% ┊       ⤷ type[7]: (i32, i32, i32) -> i32
              6 ┊      0.00% ┊       ⤷ type[5]: (i32, i32, i32) -> nil
              6 ┊      0.00% ┊       ⤷ rust_oom
              5 ┊      0.00% ┊       ⤷ type[3]: (i32, i32) -> nil
              3 ┊      0.00% ┊       ⤷ type[6]: () -> nil
           2393 ┊      1.30% ┊ "function names" subsection
            598 ┊      0.32% ┊ wee_alloc::alloc_with_refill::h41c5929439e974b1
            455 ┊      0.25% ┊   ⤷ wee_alloc::alloc_first_fit::h3f31c901cd02a7ee
              9 ┊      0.00% ┊   ⤷ type[8]: (i32, i32, i32, i32, i32) -> i32
            336 ┊      0.18% ┊ table[0]
            332 ┊      0.18% ┊   ⤷ elem[0]
            160 ┊      0.09% ┊       ⤷ <wee_alloc::size_classes::SizeClassAllocPolicy as wee_alloc::AllocPolicy>::new_cell_for_free_list::h604be59bc7139380
            121 ┊      0.07% ┊       ⤷ <wee_alloc::LargeAllocPolicy as wee_alloc::AllocPolicy>::new_cell_for_free_list::h436c441e368bdfc0
              7 ┊      0.00% ┊       ⤷ <wee_alloc::LargeAllocPolicy as wee_alloc::AllocPolicy>::min_cell_size::he7427e55ff72dc91
              6 ┊      0.00% ┊       ⤷ <wee_alloc::size_classes::SizeClassAllocPolicy as wee_alloc::AllocPolicy>::min_cell_size::hf946f0e7a049d7aa
              6 ┊      0.00% ┊       ⤷ <wee_alloc::size_classes::SizeClassAllocPolicy as wee_alloc::AllocPolicy>::should_merge_adjacent_free_cells::hc3fde9e522cd10e2
              6 ┊      0.00% ┊       ⤷ <wee_alloc::LargeAllocPolicy as wee_alloc::AllocPolicy>::should_merge_adjacent_free_cells::h537d10c7d8a47c59
              4 ┊      0.00% ┊       ⤷ core::ptr::real_drop_in_place::h646b9a55400fdf8e
              4 ┊      0.00% ┊       ⤷ core::ptr::real_drop_in_place::h646b9a55400fdf8e.139
              4 ┊      0.00% ┊       ⤷ core::ptr::real_drop_in_place::h3df04f865a0a87aa
            123 ┊      0.07% ┊ wee_alloc::neighbors::Neighbors<T>::remove::h00efd741b39596e7
             21 ┊      0.01% ┊ export "__heap_base"
              7 ┊      0.00% ┊   ⤷ global[2]
             20 ┊      0.01% ┊ export "__data_end"
              7 ┊      0.00% ┊   ⤷ global[1]
             19 ┊      0.01% ┊ custom section '.debug_pubtypes' headers
             19 ┊      0.01% ┊ custom section '.debug_pubnames' headers
             17 ┊      0.01% ┊ custom section '.debug_macinfo' headers
             17 ┊      0.01% ┊ custom section '.debug_ranges' headers
             17 ┊      0.01% ┊ custom section '.debug_abbrev' headers
             16 ┊      0.01% ┊ custom section '.debug_info' headers
             16 ┊      0.01% ┊ custom section '.debug_line' headers
             15 ┊      0.01% ┊ export "sum"
              9 ┊      0.00% ┊   ⤷ sum
             15 ┊      0.01% ┊ custom section '.debug_str' headers
             12 ┊      0.01% ┊ custom section 'producers' headers
             11 ┊      0.01% ┊ export "memory"
              2 ┊      0.00% ┊   ⤷ memory[0]
              8 ┊      0.00% ┊ custom section 'name' headers
              8 ┊      0.00% ┊ wasm magic bytes
              7 ┊      0.00% ┊ type[0]: (i32, i32, i32, i32) -> nil
              7 ┊      0.00% ┊ global[0]
              7 ┊      0.00% ┊ code section headers
              6 ┊      0.00% ┊ type[1]: (i32, i32) -> i32
              5 ┊      0.00% ┊ type[2]: (i32) -> i32
              4 ┊      0.00% ┊ type[4]: (i32) -> nil
              4 ┊      0.00% ┊ data section headers
              3 ┊      0.00% ┊ type section headers
              3 ┊      0.00% ┊ import section headers
              3 ┊      0.00% ┊ table section headers
              3 ┊      0.00% ┊ memory section headers
              3 ┊      0.00% ┊ global section headers
              3 ┊      0.00% ┊ export section headers
              3 ┊      0.00% ┊ element section headers
         176234 ┊     95.61% ┊ [10 Unreachable Items]
